Analysis & Synthesis report for top_level
Sun Oct 25 11:05:21 2020
Quartus Prime Version 20.1.0 Build 711 06/05/2020 SJ Lite Edition


---------------------
; Table of Contents ;
---------------------
  1. Legal Notice
  2. Analysis & Synthesis Summary
  3. Analysis & Synthesis Settings
  4. Parallel Compilation
  5. Analysis & Synthesis Source Files Read
  6. Analysis & Synthesis Resource Usage Summary
  7. Analysis & Synthesis Resource Utilization by Entity
  8. State Machine - |top_level|binary_bcd:binary_bcd_ins|CurentState
  9. State Machine - |top_level|binary_bcd:binary_bcd_ins|\bcd_process:NextState
 10. Registers Removed During Synthesis
 11. General Register Statistics
 12. Multiplexer Restructuring Statistics (Restructuring Performed)
 13. Parameter Settings for User Entity Instance: debounce:btn_debounce
 14. Port Connectivity Checks: "binary_bcd:binary_bcd_ins"
 15. Port Connectivity Checks: "SevenSegment:SevenSegment_ins"
 16. Port Connectivity Checks: "MUX4TO1:MUX4TO1_ins0"
 17. Port Connectivity Checks: "MUX2TO1:Hex_reset"
 18. Post-Synthesis Netlist Statistics for Top Partition
 19. Elapsed Time Per Partition
 20. Analysis & Synthesis Messages



----------------
; Legal Notice ;
----------------
Copyright (C) 2020  Intel Corporation. All rights reserved.
Your use of Intel Corporation's design tools, logic functions 
and other software and tools, and any partner logic 
functions, and any output files from any of the foregoing 
(including device programming or simulation files), and any 
associated documentation or information are expressly subject 
to the terms and conditions of the Intel Program License 
Subscription Agreement, the Intel Quartus Prime License Agreement,
the Intel FPGA IP License Agreement, or other applicable license
agreement, including, without limitation, that your use is for
the sole purpose of programming logic devices manufactured by
Intel and sold by Intel or its authorized distributors.  Please
refer to the applicable agreement for further details, at
https://fpgasoftware.intel.com/eula.



+----------------------------------------------------------------------------------+
; Analysis & Synthesis Summary                                                     ;
+------------------------------------+---------------------------------------------+
; Analysis & Synthesis Status        ; Successful - Sun Oct 25 11:05:21 2020       ;
; Quartus Prime Version              ; 20.1.0 Build 711 06/05/2020 SJ Lite Edition ;
; Revision Name                      ; top_level                                   ;
; Top-level Entity Name              ; top_level                                   ;
; Family                             ; MAX 10                                      ;
; Total logic elements               ; 279                                         ;
;     Total combinational functions  ; 236                                         ;
;     Dedicated logic registers      ; 144                                         ;
; Total registers                    ; 144                                         ;
; Total pins                         ; 71                                          ;
; Total virtual pins                 ; 0                                           ;
; Total memory bits                  ; 0                                           ;
; Embedded Multiplier 9-bit elements ; 0                                           ;
; Total PLLs                         ; 0                                           ;
; UFM blocks                         ; 0                                           ;
; ADC blocks                         ; 0                                           ;
+------------------------------------+---------------------------------------------+


+------------------------------------------------------------------------------------------------------------+
; Analysis & Synthesis Settings                                                                              ;
+------------------------------------------------------------------+--------------------+--------------------+
; Option                                                           ; Setting            ; Default Value      ;
+------------------------------------------------------------------+--------------------+--------------------+
; Device                                                           ; 10M50DAF484C6GES   ;                    ;
; Top-level entity name                                            ; top_level          ; top_level          ;
; Family name                                                      ; MAX 10             ; Cyclone V          ;
; Use smart compilation                                            ; Off                ; Off                ;
; Enable parallel Assembler and Timing Analyzer during compilation ; On                 ; On                 ;
; Enable compact report table                                      ; Off                ; Off                ;
; Restructure Multiplexers                                         ; Auto               ; Auto               ;
; Create Debugging Nodes for IP Cores                              ; Off                ; Off                ;
; Preserve fewer node names                                        ; On                 ; On                 ;
; Intel FPGA IP Evaluation Mode                                    ; Enable             ; Enable             ;
; Verilog Version                                                  ; Verilog_2001       ; Verilog_2001       ;
; VHDL Version                                                     ; VHDL_1993          ; VHDL_1993          ;
; State Machine Processing                                         ; Auto               ; Auto               ;
; Safe State Machine                                               ; Off                ; Off                ;
; Extract Verilog State Machines                                   ; On                 ; On                 ;
; Extract VHDL State Machines                                      ; On                 ; On                 ;
; Ignore Verilog initial constructs                                ; Off                ; Off                ;
; Iteration limit for constant Verilog loops                       ; 5000               ; 5000               ;
; Iteration limit for non-constant Verilog loops                   ; 250                ; 250                ;
; Add Pass-Through Logic to Inferred RAMs                          ; On                 ; On                 ;
; Infer RAMs from Raw Logic                                        ; On                 ; On                 ;
; Parallel Synthesis                                               ; On                 ; On                 ;
; DSP Block Balancing                                              ; Auto               ; Auto               ;
; NOT Gate Push-Back                                               ; On                 ; On                 ;
; Power-Up Don't Care                                              ; On                 ; On                 ;
; Remove Redundant Logic Cells                                     ; Off                ; Off                ;
; Remove Duplicate Registers                                       ; On                 ; On                 ;
; Ignore CARRY Buffers                                             ; Off                ; Off                ;
; Ignore CASCADE Buffers                                           ; Off                ; Off                ;
; Ignore GLOBAL Buffers                                            ; Off                ; Off                ;
; Ignore ROW GLOBAL Buffers                                        ; Off                ; Off                ;
; Ignore LCELL Buffers                                             ; Off                ; Off                ;
; Ignore SOFT Buffers                                              ; On                 ; On                 ;
; Limit AHDL Integers to 32 Bits                                   ; Off                ; Off                ;
; Optimization Technique                                           ; Balanced           ; Balanced           ;
; Carry Chain Length                                               ; 70                 ; 70                 ;
; Auto Carry Chains                                                ; On                 ; On                 ;
; Auto Open-Drain Pins                                             ; On                 ; On                 ;
; Perform WYSIWYG Primitive Resynthesis                            ; Off                ; Off                ;
; Auto ROM Replacement                                             ; On                 ; On                 ;
; Auto RAM Replacement                                             ; On                 ; On                 ;
; Auto DSP Block Replacement                                       ; On                 ; On                 ;
; Auto Shift Register Replacement                                  ; Auto               ; Auto               ;
; Allow Shift Register Merging across Hierarchies                  ; Auto               ; Auto               ;
; Auto Clock Enable Replacement                                    ; On                 ; On                 ;
; Strict RAM Replacement                                           ; Off                ; Off                ;
; Allow Synchronous Control Signals                                ; On                 ; On                 ;
; Force Use of Synchronous Clear Signals                           ; Off                ; Off                ;
; Auto RAM Block Balancing                                         ; On                 ; On                 ;
; Auto RAM to Logic Cell Conversion                                ; Off                ; Off                ;
; Auto Resource Sharing                                            ; Off                ; Off                ;
; Allow Any RAM Size For Recognition                               ; Off                ; Off                ;
; Allow Any ROM Size For Recognition                               ; Off                ; Off                ;
; Allow Any Shift Register Size For Recognition                    ; Off                ; Off                ;
; Use LogicLock Constraints during Resource Balancing              ; On                 ; On                 ;
; Ignore translate_off and synthesis_off directives                ; Off                ; Off                ;
; Timing-Driven Synthesis                                          ; On                 ; On                 ;
; Report Parameter Settings                                        ; On                 ; On                 ;
; Report Source Assignments                                        ; On                 ; On                 ;
; Report Connectivity Checks                                       ; On                 ; On                 ;
; Ignore Maximum Fan-Out Assignments                               ; Off                ; Off                ;
; Synchronization Register Chain Length                            ; 2                  ; 2                  ;
; Power Optimization During Synthesis                              ; Normal compilation ; Normal compilation ;
; HDL message level                                                ; Level2             ; Level2             ;
; Suppress Register Optimization Related Messages                  ; Off                ; Off                ;
; Number of Removed Registers Reported in Synthesis Report         ; 5000               ; 5000               ;
; Number of Swept Nodes Reported in Synthesis Report               ; 5000               ; 5000               ;
; Number of Inverted Registers Reported in Synthesis Report        ; 100                ; 100                ;
; Clock MUX Protection                                             ; On                 ; On                 ;
; Auto Gated Clock Conversion                                      ; Off                ; Off                ;
; Block Design Naming                                              ; Auto               ; Auto               ;
; SDC constraint protection                                        ; Off                ; Off                ;
; Synthesis Effort                                                 ; Auto               ; Auto               ;
; Shift Register Replacement - Allow Asynchronous Clear Signal     ; On                 ; On                 ;
; Pre-Mapping Resynthesis Optimization                             ; Off                ; Off                ;
; Analysis & Synthesis Message Level                               ; Medium             ; Medium             ;
; Disable Register Merging Across Hierarchies                      ; Auto               ; Auto               ;
; Resource Aware Inference For Block RAM                           ; On                 ; On                 ;
+------------------------------------------------------------------+--------------------+--------------------+


+------------------------------------------+
; Parallel Compilation                     ;
+----------------------------+-------------+
; Processors                 ; Number      ;
+----------------------------+-------------+
; Number detected on machine ; 8           ;
; Maximum allowed            ; 4           ;
;                            ;             ;
; Average used               ; 1.00        ;
; Maximum used               ; 4           ;
;                            ;             ;
; Usage by Processor         ; % Time Used ;
;     Processor 1            ; 100.0%      ;
;     Processors 2-4         ;   0.0%      ;
+----------------------------+-------------+


+-------------------------------------------------------------------------------------------------------------------------------------------------------------------------------------+
; Analysis & Synthesis Source Files Read                                                                                                                                              ;
+----------------------------------+-----------------+-----------------+----------------------------------------------------------------------------------------------------+---------+
; File Name with User-Entered Path ; Used in Netlist ; File Type       ; File Name with Absolute Path                                                                       ; Library ;
+----------------------------------+-----------------+-----------------+----------------------------------------------------------------------------------------------------+---------+
; debounce.vhd                     ; yes             ; User VHDL File  ; C:/Users/JoeyD/Desktop/Third Year/3.ENEL453/ENEL-453-Lab-1/ENEL 453 Lab 2/debounce.vhd             ;         ;
; MUX2TO1.vhd                      ; yes             ; User VHDL File  ; C:/Users/JoeyD/Desktop/Third Year/3.ENEL453/ENEL-453-Lab-1/ENEL 453 Lab 2/MUX2TO1.vhd              ;         ;
; MUX4TO1.vhd                      ; yes             ; User VHDL File  ; C:/Users/JoeyD/Desktop/Third Year/3.ENEL453/ENEL-453-Lab-1/ENEL 453 Lab 2/MUX4TO1.vhd              ;         ;
; top_level.vhd                    ; yes             ; User VHDL File  ; C:/Users/JoeyD/Desktop/Third Year/3.ENEL453/ENEL-453-Lab-1/ENEL 453 Lab 2/top_level.vhd            ;         ;
; SevenSegment_decoder.vhd         ; yes             ; User VHDL File  ; C:/Users/JoeyD/Desktop/Third Year/3.ENEL453/ENEL-453-Lab-1/ENEL 453 Lab 2/SevenSegment_decoder.vhd ;         ;
; SevenSegment.vhd                 ; yes             ; User VHDL File  ; C:/Users/JoeyD/Desktop/Third Year/3.ENEL453/ENEL-453-Lab-1/ENEL 453 Lab 2/SevenSegment.vhd         ;         ;
; binary_bcd.vhd                   ; yes             ; User VHDL File  ; C:/Users/JoeyD/Desktop/Third Year/3.ENEL453/ENEL-453-Lab-1/ENEL 453 Lab 2/binary_bcd.vhd           ;         ;
; Register_16bits.vhd              ; yes             ; User VHDL File  ; C:/Users/JoeyD/Desktop/Third Year/3.ENEL453/ENEL-453-Lab-1/ENEL 453 Lab 2/Register_16bits.vhd      ;         ;
; Register_10bits.vhd              ; yes             ; User VHDL File  ; C:/Users/JoeyD/Desktop/Third Year/3.ENEL453/ENEL-453-Lab-1/ENEL 453 Lab 2/Register_10bits.vhd      ;         ;
; Synchronizer.vhd                 ; yes             ; User VHDL File  ; C:/Users/JoeyD/Desktop/Third Year/3.ENEL453/ENEL-453-Lab-1/ENEL 453 Lab 2/Synchronizer.vhd         ;         ;
+----------------------------------+-----------------+-----------------+----------------------------------------------------------------------------------------------------+---------+


+---------------------------------------------------------+
; Analysis & Synthesis Resource Usage Summary             ;
+---------------------------------------------+-----------+
; Resource                                    ; Usage     ;
+---------------------------------------------+-----------+
; Estimated Total logic elements              ; 279       ;
;                                             ;           ;
; Total combinational functions               ; 236       ;
; Logic element usage by number of LUT inputs ;           ;
;     -- 4 input functions                    ; 107       ;
;     -- 3 input functions                    ; 26        ;
;     -- <=2 input functions                  ; 103       ;
;                                             ;           ;
; Logic elements by mode                      ;           ;
;     -- normal mode                          ; 152       ;
;     -- arithmetic mode                      ; 84        ;
;                                             ;           ;
; Total registers                             ; 144       ;
;     -- Dedicated logic registers            ; 144       ;
;     -- I/O registers                        ; 0         ;
;                                             ;           ;
; I/O pins                                    ; 71        ;
;                                             ;           ;
; Embedded Multiplier 9-bit elements          ; 0         ;
;                                             ;           ;
; Maximum fan-out node                        ; clk~input ;
; Maximum fan-out                             ; 144       ;
; Total fan-out                               ; 1360      ;
; Average fan-out                             ; 2.61      ;
+---------------------------------------------+-----------+


+--------------------------------------------------------------------------------------------------------------------------------------------------------------------------------------------------------------------------------------------------------------------------------------------------------------------------+
; Analysis & Synthesis Resource Utilization by Entity                                                                                                                                                                                                                                                                      ;
+----------------------------------------------+---------------------+---------------------------+-------------+------------+--------------+---------+-----------+------+--------------+------------+--------------------------------------------------------------------------------+----------------------+--------------+
; Compilation Hierarchy Node                   ; Combinational ALUTs ; Dedicated Logic Registers ; Memory Bits ; UFM Blocks ; DSP Elements ; DSP 9x9 ; DSP 18x18 ; Pins ; Virtual Pins ; ADC blocks ; Full Hierarchy Name                                                            ; Entity Name          ; Library Name ;
+----------------------------------------------+---------------------+---------------------------+-------------+------------+--------------+---------+-----------+------+--------------+------------+--------------------------------------------------------------------------------+----------------------+--------------+
; |top_level                                   ; 236 (0)             ; 144 (0)                   ; 0           ; 0          ; 0            ; 0       ; 0         ; 71   ; 0            ; 0          ; |top_level                                                                     ; top_level            ; work         ;
;    |MUX4TO1:MUX4TO1_ins0|                    ; 25 (25)             ; 0 (0)                     ; 0           ; 0          ; 0            ; 0       ; 0         ; 0    ; 0            ; 0          ; |top_level|MUX4TO1:MUX4TO1_ins0                                                ; MUX4TO1              ; work         ;
;    |Register_16bits:Number_storer|           ; 0 (0)               ; 16 (16)                   ; 0           ; 0          ; 0            ; 0       ; 0         ; 0    ; 0            ; 0          ; |top_level|Register_16bits:Number_storer                                       ; Register_16bits      ; work         ;
;    |SevenSegment:SevenSegment_ins|           ; 28 (0)              ; 0 (0)                     ; 0           ; 0          ; 0            ; 0       ; 0         ; 0    ; 0            ; 0          ; |top_level|SevenSegment:SevenSegment_ins                                       ; SevenSegment         ; work         ;
;       |SevenSegment_decoder:decoder0|        ; 7 (7)               ; 0 (0)                     ; 0           ; 0          ; 0            ; 0       ; 0         ; 0    ; 0            ; 0          ; |top_level|SevenSegment:SevenSegment_ins|SevenSegment_decoder:decoder0         ; SevenSegment_decoder ; work         ;
;       |SevenSegment_decoder:decoder1|        ; 7 (7)               ; 0 (0)                     ; 0           ; 0          ; 0            ; 0       ; 0         ; 0    ; 0            ; 0          ; |top_level|SevenSegment:SevenSegment_ins|SevenSegment_decoder:decoder1         ; SevenSegment_decoder ; work         ;
;       |SevenSegment_decoder:decoder2|        ; 7 (7)               ; 0 (0)                     ; 0           ; 0          ; 0            ; 0       ; 0         ; 0    ; 0            ; 0          ; |top_level|SevenSegment:SevenSegment_ins|SevenSegment_decoder:decoder2         ; SevenSegment_decoder ; work         ;
;       |SevenSegment_decoder:decoder3|        ; 7 (7)               ; 0 (0)                     ; 0           ; 0          ; 0            ; 0       ; 0         ; 0    ; 0            ; 0          ; |top_level|SevenSegment:SevenSegment_ins|SevenSegment_decoder:decoder3         ; SevenSegment_decoder ; work         ;
;    |Synchronizer:Synchronizer_ins0|          ; 0 (0)               ; 20 (0)                    ; 0           ; 0          ; 0            ; 0       ; 0         ; 0    ; 0            ; 0          ; |top_level|Synchronizer:Synchronizer_ins0                                      ; Synchronizer         ; work         ;
;       |Register_10bits:Register_10bits_ins0| ; 0 (0)               ; 10 (10)                   ; 0           ; 0          ; 0            ; 0       ; 0         ; 0    ; 0            ; 0          ; |top_level|Synchronizer:Synchronizer_ins0|Register_10bits:Register_10bits_ins0 ; Register_10bits      ; work         ;
;       |Register_10bits:Register_10bits_ins1| ; 0 (0)               ; 10 (10)                   ; 0           ; 0          ; 0            ; 0       ; 0         ; 0    ; 0            ; 0          ; |top_level|Synchronizer:Synchronizer_ins0|Register_10bits:Register_10bits_ins1 ; Register_10bits      ; work         ;
;    |binary_bcd:binary_bcd_ins|               ; 153 (153)           ; 84 (84)                   ; 0           ; 0          ; 0            ; 0       ; 0         ; 0    ; 0            ; 0          ; |top_level|binary_bcd:binary_bcd_ins                                           ; binary_bcd           ; work         ;
;    |debounce:btn_debounce|                   ; 30 (30)             ; 24 (24)                   ; 0           ; 0          ; 0            ; 0       ; 0         ; 0    ; 0            ; 0          ; |top_level|debounce:btn_debounce                                               ; debounce             ; work         ;
+----------------------------------------------+---------------------+---------------------------+-------------+------------+--------------+---------+-----------+------+--------------+------------+--------------------------------------------------------------------------------+----------------------+--------------+
Note: For table entries with two numbers listed, the numbers in parentheses indicate the number of resources of the given type used by the specific entity alone. The numbers listed outside of parentheses indicate the total resources of the given type used by the specific entity and all of its sub-entities in the hierarchy.


Encoding Type:  One-Hot
+---------------------------------------------------------------------------------------------------------------------------------------+
; State Machine - |top_level|binary_bcd:binary_bcd_ins|CurentState                                                                      ;
+----------------+----------------+----------------+----------------+----------------+----------------+----------------+----------------+
; Name           ; CurentState.s6 ; CurentState.S5 ; CurentState.S4 ; CurentState.S3 ; CurentState.S2 ; CurentState.S1 ; CurentState.S0 ;
+----------------+----------------+----------------+----------------+----------------+----------------+----------------+----------------+
; CurentState.S0 ; 0              ; 0              ; 0              ; 0              ; 0              ; 0              ; 0              ;
; CurentState.S1 ; 0              ; 0              ; 0              ; 0              ; 0              ; 1              ; 1              ;
; CurentState.S2 ; 0              ; 0              ; 0              ; 0              ; 1              ; 0              ; 1              ;
; CurentState.S3 ; 0              ; 0              ; 0              ; 1              ; 0              ; 0              ; 1              ;
; CurentState.S4 ; 0              ; 0              ; 1              ; 0              ; 0              ; 0              ; 1              ;
; CurentState.S5 ; 0              ; 1              ; 0              ; 0              ; 0              ; 0              ; 1              ;
; CurentState.s6 ; 1              ; 0              ; 0              ; 0              ; 0              ; 0              ; 1              ;
+----------------+----------------+----------------+----------------+----------------+----------------+----------------+----------------+


Encoding Type:  One-Hot
+-------------------------------------------------------------------------------------------------------------------------------------------------------------------------------------------------------------------------------+
; State Machine - |top_level|binary_bcd:binary_bcd_ins|\bcd_process:NextState                                                                                                                                                   ;
+---------------------------+---------------------------+---------------------------+---------------------------+---------------------------+---------------------------+---------------------------+---------------------------+
; Name                      ; \bcd_process:NextState.s6 ; \bcd_process:NextState.S5 ; \bcd_process:NextState.S4 ; \bcd_process:NextState.S3 ; \bcd_process:NextState.S2 ; \bcd_process:NextState.S1 ; \bcd_process:NextState.S0 ;
+---------------------------+---------------------------+---------------------------+---------------------------+---------------------------+---------------------------+---------------------------+---------------------------+
; \bcd_process:NextState.S0 ; 0                         ; 0                         ; 0                         ; 0                         ; 0                         ; 0                         ; 0                         ;
; \bcd_process:NextState.S1 ; 0                         ; 0                         ; 0                         ; 0                         ; 0                         ; 1                         ; 1                         ;
; \bcd_process:NextState.S2 ; 0                         ; 0                         ; 0                         ; 0                         ; 1                         ; 0                         ; 1                         ;
; \bcd_process:NextState.S3 ; 0                         ; 0                         ; 0                         ; 1                         ; 0                         ; 0                         ; 1                         ;
; \bcd_process:NextState.S4 ; 0                         ; 0                         ; 1                         ; 0                         ; 0                         ; 0                         ; 1                         ;
; \bcd_process:NextState.S5 ; 0                         ; 1                         ; 0                         ; 0                         ; 0                         ; 0                         ; 1                         ;
; \bcd_process:NextState.s6 ; 1                         ; 0                         ; 0                         ; 0                         ; 0                         ; 0                         ; 1                         ;
+---------------------------+---------------------------+---------------------------+---------------------------+---------------------------+---------------------------+---------------------------+---------------------------+


+--------------------------------------------------------------------------+
; Registers Removed During Synthesis                                       ;
+-----------------------------------------------------+--------------------+
; Register name                                       ; Reason for Removal ;
+-----------------------------------------------------+--------------------+
; binary_bcd:binary_bcd_ins|\bcd_process:NextState.S0 ; Lost fanout        ;
; binary_bcd:binary_bcd_ins|\bcd_process:NextState.S1 ; Lost fanout        ;
; binary_bcd:binary_bcd_ins|\bcd_process:NextState.S2 ; Lost fanout        ;
; binary_bcd:binary_bcd_ins|\bcd_process:NextState.S3 ; Lost fanout        ;
; binary_bcd:binary_bcd_ins|\bcd_process:NextState.S4 ; Lost fanout        ;
; binary_bcd:binary_bcd_ins|\bcd_process:NextState.S5 ; Lost fanout        ;
; binary_bcd:binary_bcd_ins|\bcd_process:NextState.s6 ; Lost fanout        ;
; Total Number of Removed Registers = 7               ;                    ;
+-----------------------------------------------------+--------------------+


+------------------------------------------------------+
; General Register Statistics                          ;
+----------------------------------------------+-------+
; Statistic                                    ; Value ;
+----------------------------------------------+-------+
; Total registers                              ; 144   ;
; Number of registers using Synchronous Clear  ; 40    ;
; Number of registers using Synchronous Load   ; 4     ;
; Number of registers using Asynchronous Clear ; 93    ;
; Number of registers using Asynchronous Load  ; 0     ;
; Number of registers using Clock Enable       ; 116   ;
; Number of registers using Preset             ; 0     ;
+----------------------------------------------+-------+


+-------------------------------------------------------------------------------------------------------------------------------------------------------------------+
; Multiplexer Restructuring Statistics (Restructuring Performed)                                                                                                    ;
+--------------------+-----------+---------------+----------------------+------------------------+------------+-----------------------------------------------------+
; Multiplexer Inputs ; Bus Width ; Baseline Area ; Area if Restructured ; Saving if Restructured ; Registered ; Example Multiplexer Output                          ;
+--------------------+-----------+---------------+----------------------+------------------------+------------+-----------------------------------------------------+
; 3:1                ; 21 bits   ; 42 LEs        ; 21 LEs               ; 21 LEs                 ; Yes        ; |top_level|debounce:btn_debounce|count[3]           ;
; 5:1                ; 5 bits    ; 15 LEs        ; 5 LEs                ; 10 LEs                 ; Yes        ; |top_level|binary_bcd:binary_bcd_ins|bcd_signal[8]  ;
; 5:1                ; 7 bits    ; 21 LEs        ; 14 LEs               ; 7 LEs                  ; Yes        ; |top_level|binary_bcd:binary_bcd_ins|bcd_signal[1]  ;
; 6:1                ; 4 bits    ; 16 LEs        ; 8 LEs                ; 8 LEs                  ; Yes        ; |top_level|binary_bcd:binary_bcd_ins|bcd_signal[15] ;
; 8:1                ; 4 bits    ; 20 LEs        ; 8 LEs                ; 12 LEs                 ; Yes        ; |top_level|binary_bcd:binary_bcd_ins|bcd_signal[17] ;
; 10:1               ; 4 bits    ; 24 LEs        ; 12 LEs               ; 12 LEs                 ; Yes        ; |top_level|binary_bcd:binary_bcd_ins|bcd_signal[21] ;
; 12:1               ; 4 bits    ; 32 LEs        ; 16 LEs               ; 16 LEs                 ; Yes        ; |top_level|binary_bcd:binary_bcd_ins|bcd_signal[26] ;
; 4:1                ; 8 bits    ; 16 LEs        ; 16 LEs               ; 0 LEs                  ; No         ; |top_level|MUX4TO1:MUX4TO1_ins0|Mux1                ;
; 5:1                ; 8 bits    ; 24 LEs        ; 24 LEs               ; 0 LEs                  ; No         ; |top_level|MUX4TO1:MUX4TO1_ins0|Mux12               ;
+--------------------+-----------+---------------+----------------------+------------------------+------------+-----------------------------------------------------+


+--------------------------------------------------------------------+
; Parameter Settings for User Entity Instance: debounce:btn_debounce ;
+----------------+----------+----------------------------------------+
; Parameter Name ; Value    ; Type                                   ;
+----------------+----------+----------------------------------------+
; clk_freq       ; 50000000 ; Signed Integer                         ;
; stable_time    ; 30       ; Signed Integer                         ;
+----------------+----------+----------------------------------------+
Note: In order to hide this table in the UI and the text report file, please set the "Show Parameter Settings in Synthesis Report" option in "Analysis and Synthesis Settings -> More Settings" to "Off".


+-------------------------------------------------------+
; Port Connectivity Checks: "binary_bcd:binary_bcd_ins" ;
+---------------+-------+----------+--------------------+
; Port          ; Type  ; Severity ; Details            ;
+---------------+-------+----------+--------------------+
; binary[12..8] ; Input ; Info     ; Stuck at GND       ;
+---------------+-------+----------+--------------------+


+-----------------------------------------------------------+
; Port Connectivity Checks: "SevenSegment:SevenSegment_ins" ;
+-------------+-------+----------+--------------------------+
; Port        ; Type  ; Severity ; Details                  ;
+-------------+-------+----------+--------------------------+
; num_hex4    ; Input ; Info     ; Stuck at GND             ;
; num_hex5    ; Input ; Info     ; Stuck at GND             ;
; dp_in       ; Input ; Info     ; Stuck at GND             ;
; blank[5..4] ; Input ; Info     ; Stuck at VCC             ;
; blank[3..0] ; Input ; Info     ; Stuck at GND             ;
+-------------+-------+----------+--------------------------+


+--------------------------------------------------+
; Port Connectivity Checks: "MUX4TO1:MUX4TO1_ins0" ;
+-------------+-------+----------+-----------------+
; Port        ; Type  ; Severity ; Details         ;
+-------------+-------+----------+-----------------+
; in3[12..11] ; Input ; Info     ; Stuck at VCC    ;
; in3[4..3]   ; Input ; Info     ; Stuck at VCC    ;
; in3[8..7]   ; Input ; Info     ; Stuck at GND    ;
; in3[15]     ; Input ; Info     ; Stuck at GND    ;
; in3[14]     ; Input ; Info     ; Stuck at VCC    ;
; in3[13]     ; Input ; Info     ; Stuck at GND    ;
; in3[10]     ; Input ; Info     ; Stuck at GND    ;
; in3[9]      ; Input ; Info     ; Stuck at VCC    ;
; in3[6]      ; Input ; Info     ; Stuck at VCC    ;
; in3[5]      ; Input ; Info     ; Stuck at GND    ;
; in3[2]      ; Input ; Info     ; Stuck at GND    ;
; in3[1]      ; Input ; Info     ; Stuck at VCC    ;
; in3[0]      ; Input ; Info     ; Stuck at GND    ;
+-------------+-------+----------+-----------------+


+-----------------------------------------------+
; Port Connectivity Checks: "MUX2TO1:Hex_reset" ;
+------------+-------+----------+---------------+
; Port       ; Type  ; Severity ; Details       ;
+------------+-------+----------+---------------+
; in0        ; Input ; Info     ; Stuck at GND  ;
; in1[15..8] ; Input ; Info     ; Stuck at GND  ;
+------------+-------+----------+---------------+


+-----------------------------------------------------+
; Post-Synthesis Netlist Statistics for Top Partition ;
+-----------------------+-----------------------------+
; Type                  ; Count                       ;
+-----------------------+-----------------------------+
; boundary_port         ; 71                          ;
; cycloneiii_ff         ; 144                         ;
;     CLR               ; 5                           ;
;     ENA               ; 7                           ;
;     ENA CLR           ; 69                          ;
;     ENA CLR SCLR      ; 15                          ;
;     ENA CLR SCLR SLD  ; 4                           ;
;     ENA SCLR          ; 21                          ;
;     plain             ; 23                          ;
; cycloneiii_lcell_comb ; 241                         ;
;     arith             ; 84                          ;
;         2 data inputs ; 84                          ;
;     normal            ; 157                         ;
;         0 data inputs ; 1                           ;
;         1 data inputs ; 10                          ;
;         2 data inputs ; 13                          ;
;         3 data inputs ; 26                          ;
;         4 data inputs ; 107                         ;
;                       ;                             ;
; Max LUT depth         ; 8.00                        ;
; Average LUT depth     ; 3.83                        ;
+-----------------------+-----------------------------+


+-------------------------------+
; Elapsed Time Per Partition    ;
+----------------+--------------+
; Partition Name ; Elapsed Time ;
+----------------+--------------+
; Top            ; 00:00:02     ;
+----------------+--------------+


+-------------------------------+
; Analysis & Synthesis Messages ;
+-------------------------------+
Info: *******************************************************************
Info: Running Quartus Prime Analysis & Synthesis
    Info: Version 20.1.0 Build 711 06/05/2020 SJ Lite Edition
    Info: Processing started: Sun Oct 25 11:04:52 2020
Info: Command: quartus_map --read_settings_files=on --write_settings_files=off lab1 -c top_level
Warning (18236): Number of processors has not been specified which may cause overloading on shared machines.  Set the global assignment NUM_PARALLEL_PROCESSORS in your QSF to an appropriate value for best performance.
Info (20030): Parallel compilation is enabled and will use 4 of the 4 processors detected
Info (12021): Found 3 design units, including 1 entities, in source file tb_synchronizer.vhd
    Info (12022): Found design unit 1: tb_Synchronizer-tb File: C:/Users/JoeyD/Desktop/Third Year/3.ENEL453/ENEL-453-Lab-1/ENEL 453 Lab 2/tb_synchronizer.vhd Line: 11
    Info (12022): Found design unit 2: cfg_tb_Synchronizer File: C:/Users/JoeyD/Desktop/Third Year/3.ENEL453/ENEL-453-Lab-1/ENEL 453 Lab 2/tb_synchronizer.vhd Line: 64
    Info (12023): Found entity 1: tb_Synchronizer File: C:/Users/JoeyD/Desktop/Third Year/3.ENEL453/ENEL-453-Lab-1/ENEL 453 Lab 2/tb_synchronizer.vhd Line: 8
Info (12021): Found 2 design units, including 1 entities, in source file debounce.vhd
    Info (12022): Found design unit 1: debounce-logic File: C:/Users/JoeyD/Desktop/Third Year/3.ENEL453/ENEL-453-Lab-1/ENEL 453 Lab 2/debounce.vhd Line: 39
    Info (12023): Found entity 1: debounce File: C:/Users/JoeyD/Desktop/Third Year/3.ENEL453/ENEL-453-Lab-1/ENEL 453 Lab 2/debounce.vhd Line: 29
Info (12021): Found 2 design units, including 1 entities, in source file tb_debounce.vhd
    Info (12022): Found design unit 1: tb_debounce-Behavioral File: C:/Users/JoeyD/Desktop/Third Year/3.ENEL453/ENEL-453-Lab-1/ENEL 453 Lab 2/tb_debounce.vhd Line: 13
    Info (12023): Found entity 1: tb_debounce File: C:/Users/JoeyD/Desktop/Third Year/3.ENEL453/ENEL-453-Lab-1/ENEL 453 Lab 2/tb_debounce.vhd Line: 10
Info (12021): Found 2 design units, including 1 entities, in source file mux2to1.vhd
    Info (12022): Found design unit 1: MUX2TO1-BEHAVIOR File: C:/Users/JoeyD/Desktop/Third Year/3.ENEL453/ENEL-453-Lab-1/ENEL 453 Lab 2/MUX2TO1.vhd Line: 12
    Info (12023): Found entity 1: MUX2TO1 File: C:/Users/JoeyD/Desktop/Third Year/3.ENEL453/ENEL-453-Lab-1/ENEL 453 Lab 2/MUX2TO1.vhd Line: 4
Info (12021): Found 2 design units, including 1 entities, in source file mux4to1.vhd
    Info (12022): Found design unit 1: MUX4TO1-BEHAVIOR File: C:/Users/JoeyD/Desktop/Third Year/3.ENEL453/ENEL-453-Lab-1/ENEL 453 Lab 2/MUX4TO1.vhd Line: 14
    Info (12023): Found entity 1: MUX4TO1 File: C:/Users/JoeyD/Desktop/Third Year/3.ENEL453/ENEL-453-Lab-1/ENEL 453 Lab 2/MUX4TO1.vhd Line: 4
Info (12021): Found 3 design units, including 1 entities, in source file tb_mux2to1.vhd
    Info (12022): Found design unit 1: tb_MUX2TO1-tb File: C:/Users/JoeyD/Desktop/Third Year/3.ENEL453/ENEL-453-Lab-1/ENEL 453 Lab 2/tb_MUX2TO1.vhd Line: 7
    Info (12022): Found design unit 2: cfg_tb_MUX2TO1 File: C:/Users/JoeyD/Desktop/Third Year/3.ENEL453/ENEL-453-Lab-1/ENEL 453 Lab 2/tb_MUX2TO1.vhd Line: 55
    Info (12023): Found entity 1: tb_MUX2TO1 File: C:/Users/JoeyD/Desktop/Third Year/3.ENEL453/ENEL-453-Lab-1/ENEL 453 Lab 2/tb_MUX2TO1.vhd Line: 4
Info (12021): Found 2 design units, including 1 entities, in source file top_level.vhd
    Info (12022): Found design unit 1: top_level-Behavioral File: C:/Users/JoeyD/Desktop/Third Year/3.ENEL453/ENEL-453-Lab-1/ENEL 453 Lab 2/top_level.vhd Line: 16
    Info (12023): Found entity 1: top_level File: C:/Users/JoeyD/Desktop/Third Year/3.ENEL453/ENEL-453-Lab-1/ENEL 453 Lab 2/top_level.vhd Line: 5
Info (12021): Found 2 design units, including 1 entities, in source file sevensegment_decoder.vhd
    Info (12022): Found design unit 1: SevenSegment_decoder-Behavioral File: C:/Users/JoeyD/Desktop/Third Year/3.ENEL453/ENEL-453-Lab-1/ENEL 453 Lab 2/SevenSegment_decoder.vhd Line: 13
    Info (12023): Found entity 1: SevenSegment_decoder File: C:/Users/JoeyD/Desktop/Third Year/3.ENEL453/ENEL-453-Lab-1/ENEL 453 Lab 2/SevenSegment_decoder.vhd Line: 5
Info (12021): Found 2 design units, including 1 entities, in source file sevensegment.vhd
    Info (12022): Found design unit 1: SevenSegment-Behavioral File: C:/Users/JoeyD/Desktop/Third Year/3.ENEL453/ENEL-453-Lab-1/ENEL 453 Lab 2/SevenSegment.vhd Line: 11
    Info (12023): Found entity 1: SevenSegment File: C:/Users/JoeyD/Desktop/Third Year/3.ENEL453/ENEL-453-Lab-1/ENEL 453 Lab 2/SevenSegment.vhd Line: 5
Info (12021): Found 2 design units, including 1 entities, in source file binary_bcd.vhd
    Info (12022): Found design unit 1: binary_bcd-behavior File: C:/Users/JoeyD/Desktop/Third Year/3.ENEL453/ENEL-453-Lab-1/ENEL 453 Lab 2/binary_bcd.vhd Line: 17
    Info (12023): Found entity 1: binary_bcd File: C:/Users/JoeyD/Desktop/Third Year/3.ENEL453/ENEL-453-Lab-1/ENEL 453 Lab 2/binary_bcd.vhd Line: 8
Info (12021): Found 2 design units, including 1 entities, in source file tb_top_level.vhd
    Info (12022): Found design unit 1: tb_top_level-tb File: C:/Users/JoeyD/Desktop/Third Year/3.ENEL453/ENEL-453-Lab-1/ENEL 453 Lab 2/tb_top_level.vhd Line: 11
    Info (12023): Found entity 1: tb_top_level File: C:/Users/JoeyD/Desktop/Third Year/3.ENEL453/ENEL-453-Lab-1/ENEL 453 Lab 2/tb_top_level.vhd Line: 8
Info (12021): Found 2 design units, including 1 entities, in source file register_16bits.vhd
    Info (12022): Found design unit 1: Register_16bits-BEHAVIOR File: C:/Users/JoeyD/Desktop/Third Year/3.ENEL453/ENEL-453-Lab-1/ENEL 453 Lab 2/Register_16bits.vhd Line: 14
    Info (12023): Found entity 1: Register_16bits File: C:/Users/JoeyD/Desktop/Third Year/3.ENEL453/ENEL-453-Lab-1/ENEL 453 Lab 2/Register_16bits.vhd Line: 4
Info (12021): Found 2 design units, including 1 entities, in source file register_10bits.vhd
    Info (12022): Found design unit 1: Register_10bits-BEHAVIOR File: C:/Users/JoeyD/Desktop/Third Year/3.ENEL453/ENEL-453-Lab-1/ENEL 453 Lab 2/Register_10bits.vhd Line: 12
    Info (12023): Found entity 1: Register_10bits File: C:/Users/JoeyD/Desktop/Third Year/3.ENEL453/ENEL-453-Lab-1/ENEL 453 Lab 2/Register_10bits.vhd Line: 4
Info (12021): Found 2 design units, including 1 entities, in source file synchronizer.vhd
    Info (12022): Found design unit 1: Synchronizer-Behavioural File: C:/Users/JoeyD/Desktop/Third Year/3.ENEL453/ENEL-453-Lab-1/ENEL 453 Lab 2/Synchronizer.vhd Line: 12
    Info (12023): Found entity 1: Synchronizer File: C:/Users/JoeyD/Desktop/Third Year/3.ENEL453/ENEL-453-Lab-1/ENEL 453 Lab 2/Synchronizer.vhd Line: 5
Info (12021): Found 3 design units, including 1 entities, in source file tb_register_16bits.vhd
    Info (12022): Found design unit 1: tb_Register_16bits-tb File: C:/Users/JoeyD/Desktop/Third Year/3.ENEL453/ENEL-453-Lab-1/ENEL 453 Lab 2/tb_Register_16bits.vhd Line: 7
    Info (12022): Found design unit 2: cfg_tb_Register_16bits File: C:/Users/JoeyD/Desktop/Third Year/3.ENEL453/ENEL-453-Lab-1/ENEL 453 Lab 2/tb_Register_16bits.vhd Line: 78
    Info (12023): Found entity 1: tb_Register_16bits File: C:/Users/JoeyD/Desktop/Third Year/3.ENEL453/ENEL-453-Lab-1/ENEL 453 Lab 2/tb_Register_16bits.vhd Line: 4
Info (12021): Found 3 design units, including 1 entities, in source file tb_mux4to1.vhd
    Info (12022): Found design unit 1: tb_MUX4TO1-tb File: C:/Users/JoeyD/Desktop/Third Year/3.ENEL453/ENEL-453-Lab-1/ENEL 453 Lab 2/tb_MUX4TO1.vhd Line: 11
    Info (12022): Found design unit 2: cfg_tb_MUX4TO1 File: C:/Users/JoeyD/Desktop/Third Year/3.ENEL453/ENEL-453-Lab-1/ENEL 453 Lab 2/tb_MUX4TO1.vhd Line: 61
    Info (12023): Found entity 1: tb_MUX4TO1 File: C:/Users/JoeyD/Desktop/Third Year/3.ENEL453/ENEL-453-Lab-1/ENEL 453 Lab 2/tb_MUX4TO1.vhd Line: 8
Info (12127): Elaborating entity "top_level" for the top level hierarchy
Info (12128): Elaborating entity "debounce" for hierarchy "debounce:btn_debounce" File: C:/Users/JoeyD/Desktop/Third Year/3.ENEL453/ENEL-453-Lab-1/ENEL 453 Lab 2/top_level.vhd Line: 106
Info (12128): Elaborating entity "Synchronizer" for hierarchy "Synchronizer:Synchronizer_ins0" File: C:/Users/JoeyD/Desktop/Third Year/3.ENEL453/ENEL-453-Lab-1/ENEL 453 Lab 2/top_level.vhd Line: 113
Info (12128): Elaborating entity "Register_10bits" for hierarchy "Synchronizer:Synchronizer_ins0|Register_10bits:Register_10bits_ins0" File: C:/Users/JoeyD/Desktop/Third Year/3.ENEL453/ENEL-453-Lab-1/ENEL 453 Lab 2/Synchronizer.vhd Line: 28
Info (12128): Elaborating entity "Register_16bits" for hierarchy "Register_16bits:Number_storer" File: C:/Users/JoeyD/Desktop/Third Year/3.ENEL453/ENEL-453-Lab-1/ENEL 453 Lab 2/top_level.vhd Line: 120
Info (12128): Elaborating entity "MUX2TO1" for hierarchy "MUX2TO1:Hex_reset" File: C:/Users/JoeyD/Desktop/Third Year/3.ENEL453/ENEL-453-Lab-1/ENEL 453 Lab 2/top_level.vhd Line: 129
Info (12128): Elaborating entity "MUX4TO1" for hierarchy "MUX4TO1:MUX4TO1_ins0" File: C:/Users/JoeyD/Desktop/Third Year/3.ENEL453/ENEL-453-Lab-1/ENEL 453 Lab 2/top_level.vhd Line: 137
Info (12128): Elaborating entity "SevenSegment" for hierarchy "SevenSegment:SevenSegment_ins" File: C:/Users/JoeyD/Desktop/Third Year/3.ENEL453/ENEL-453-Lab-1/ENEL 453 Lab 2/top_level.vhd Line: 147
Info (12128): Elaborating entity "SevenSegment_decoder" for hierarchy "SevenSegment:SevenSegment_ins|SevenSegment_decoder:decoder0" File: C:/Users/JoeyD/Desktop/Third Year/3.ENEL453/ENEL-453-Lab-1/ENEL 453 Lab 2/SevenSegment.vhd Line: 24
Info (12128): Elaborating entity "binary_bcd" for hierarchy "binary_bcd:binary_bcd_ins" File: C:/Users/JoeyD/Desktop/Third Year/3.ENEL453/ENEL-453-Lab-1/ENEL 453 Lab 2/top_level.vhd Line: 165
Warning (13024): Output pins are stuck at VCC or GND
    Warning (13410): Pin "HEX0[7]" is stuck at VCC File: C:/Users/JoeyD/Desktop/Third Year/3.ENEL453/ENEL-453-Lab-1/ENEL 453 Lab 2/top_level.vhd Line: 11
    Warning (13410): Pin "HEX1[7]" is stuck at VCC File: C:/Users/JoeyD/Desktop/Third Year/3.ENEL453/ENEL-453-Lab-1/ENEL 453 Lab 2/top_level.vhd Line: 11
    Warning (13410): Pin "HEX2[7]" is stuck at VCC File: C:/Users/JoeyD/Desktop/Third Year/3.ENEL453/ENEL-453-Lab-1/ENEL 453 Lab 2/top_level.vhd Line: 11
    Warning (13410): Pin "HEX3[7]" is stuck at VCC File: C:/Users/JoeyD/Desktop/Third Year/3.ENEL453/ENEL-453-Lab-1/ENEL 453 Lab 2/top_level.vhd Line: 11
    Warning (13410): Pin "HEX4[0]" is stuck at VCC File: C:/Users/JoeyD/Desktop/Third Year/3.ENEL453/ENEL-453-Lab-1/ENEL 453 Lab 2/top_level.vhd Line: 11
    Warning (13410): Pin "HEX4[1]" is stuck at VCC File: C:/Users/JoeyD/Desktop/Third Year/3.ENEL453/ENEL-453-Lab-1/ENEL 453 Lab 2/top_level.vhd Line: 11
    Warning (13410): Pin "HEX4[2]" is stuck at VCC File: C:/Users/JoeyD/Desktop/Third Year/3.ENEL453/ENEL-453-Lab-1/ENEL 453 Lab 2/top_level.vhd Line: 11
    Warning (13410): Pin "HEX4[3]" is stuck at VCC File: C:/Users/JoeyD/Desktop/Third Year/3.ENEL453/ENEL-453-Lab-1/ENEL 453 Lab 2/top_level.vhd Line: 11
    Warning (13410): Pin "HEX4[4]" is stuck at VCC File: C:/Users/JoeyD/Desktop/Third Year/3.ENEL453/ENEL-453-Lab-1/ENEL 453 Lab 2/top_level.vhd Line: 11
    Warning (13410): Pin "HEX4[5]" is stuck at VCC File: C:/Users/JoeyD/Desktop/Third Year/3.ENEL453/ENEL-453-Lab-1/ENEL 453 Lab 2/top_level.vhd Line: 11
    Warning (13410): Pin "HEX4[6]" is stuck at VCC File: C:/Users/JoeyD/Desktop/Third Year/3.ENEL453/ENEL-453-Lab-1/ENEL 453 Lab 2/top_level.vhd Line: 11
    Warning (13410): Pin "HEX4[7]" is stuck at VCC File: C:/Users/JoeyD/Desktop/Third Year/3.ENEL453/ENEL-453-Lab-1/ENEL 453 Lab 2/top_level.vhd Line: 11
    Warning (13410): Pin "HEX5[0]" is stuck at VCC File: C:/Users/JoeyD/Desktop/Third Year/3.ENEL453/ENEL-453-Lab-1/ENEL 453 Lab 2/top_level.vhd Line: 11
    Warning (13410): Pin "HEX5[1]" is stuck at VCC File: C:/Users/JoeyD/Desktop/Third Year/3.ENEL453/ENEL-453-Lab-1/ENEL 453 Lab 2/top_level.vhd Line: 11
    Warning (13410): Pin "HEX5[2]" is stuck at VCC File: C:/Users/JoeyD/Desktop/Third Year/3.ENEL453/ENEL-453-Lab-1/ENEL 453 Lab 2/top_level.vhd Line: 11
    Warning (13410): Pin "HEX5[3]" is stuck at VCC File: C:/Users/JoeyD/Desktop/Third Year/3.ENEL453/ENEL-453-Lab-1/ENEL 453 Lab 2/top_level.vhd Line: 11
    Warning (13410): Pin "HEX5[4]" is stuck at VCC File: C:/Users/JoeyD/Desktop/Third Year/3.ENEL453/ENEL-453-Lab-1/ENEL 453 Lab 2/top_level.vhd Line: 11
    Warning (13410): Pin "HEX5[5]" is stuck at VCC File: C:/Users/JoeyD/Desktop/Third Year/3.ENEL453/ENEL-453-Lab-1/ENEL 453 Lab 2/top_level.vhd Line: 11
    Warning (13410): Pin "HEX5[6]" is stuck at VCC File: C:/Users/JoeyD/Desktop/Third Year/3.ENEL453/ENEL-453-Lab-1/ENEL 453 Lab 2/top_level.vhd Line: 11
    Warning (13410): Pin "HEX5[7]" is stuck at VCC File: C:/Users/JoeyD/Desktop/Third Year/3.ENEL453/ENEL-453-Lab-1/ENEL 453 Lab 2/top_level.vhd Line: 11
Info (286030): Timing-Driven Synthesis is running
Info (17049): 7 registers lost all their fanouts during netlist optimizations.
Info (16010): Generating hard_block partition "hard_block:auto_generated_inst"
    Info (16011): Adding 0 node(s), including 0 DDIO, 0 PLL, 0 transceiver and 0 LCELL
Info (21057): Implemented 366 device resources after synthesis - the final resource count might be different
    Info (21058): Implemented 13 input pins
    Info (21059): Implemented 58 output pins
    Info (21061): Implemented 295 logic cells
Info: Quartus Prime Analysis & Synthesis was successful. 0 errors, 22 warnings
    Info: Peak virtual memory: 4789 megabytes
    Info: Processing ended: Sun Oct 25 11:05:21 2020
    Info: Elapsed time: 00:00:29
    Info: Total CPU time (on all processors): 00:01:05


