Flow report for top_level
Mon Nov 30 17:35:43 2020
Quartus Prime Version 20.1.0 Build 711 06/05/2020 SJ Lite Edition


---------------------
; Table of Contents ;
---------------------
  1. Legal Notice
  2. Flow Summary
  3. Flow Settings
  4. Flow Non-Default Global Settings
  5. Flow Elapsed Time
  6. Flow OS Summary
  7. Flow Log
  8. Flow Messages
  9. Flow Suppressed Messages



----------------
; Legal Notice ;
----------------
Copyright (C) 2020  Intel Corporation. All rights reserved.
Your use of Intel Corporation's design tools, logic functions 
and other software and tools, and any partner logic 
functions, and any output files from any of the foregoing 
(including device programming or simulation files), and any 
associated documentation or information are expressly subject 
to the terms and conditions of the Intel Program License 
Subscription Agreement, the Intel Quartus Prime License Agreement,
the Intel FPGA IP License Agreement, or other applicable license
agreement, including, without limitation, that your use is for
the sole purpose of programming logic devices manufactured by
Intel and sold by Intel or its authorized distributors.  Please
refer to the applicable agreement for further details, at
https://fpgasoftware.intel.com/eula.



+----------------------------------------------------------------------------------+
; Flow Summary                                                                     ;
+------------------------------------+---------------------------------------------+
; Flow Status                        ; Successful - Mon Nov 30 17:35:37 2020       ;
; Quartus Prime Version              ; 20.1.0 Build 711 06/05/2020 SJ Lite Edition ;
; Revision Name                      ; top_level                                   ;
; Top-level Entity Name              ; top_level                                   ;
; Family                             ; MAX 10                                      ;
; Device                             ; 10M50DAF484C6GES                            ;
; Timing Models                      ; Preliminary                                 ;
; Total logic elements               ; 8,407 / 49,760 ( 17 % )                     ;
;     Total combinational functions  ; 5,246 / 49,760 ( 11 % )                     ;
;     Dedicated logic registers      ; 6,916 / 49,760 ( 14 % )                     ;
; Total registers                    ; 6916                                        ;
; Total pins                         ; 71 / 360 ( 20 % )                           ;
; Total virtual pins                 ; 0                                           ;
; Total memory bits                  ; 0 / 1,677,312 ( 0 % )                       ;
; Embedded Multiplier 9-bit elements ; 0 / 288 ( 0 % )                             ;
; Total PLLs                         ; 1 / 4 ( 25 % )                              ;
; UFM blocks                         ; 0 / 1 ( 0 % )                               ;
; ADC blocks                         ; 1 / 2 ( 50 % )                              ;
+------------------------------------+---------------------------------------------+


+-----------------------------------------+
; Flow Settings                           ;
+-------------------+---------------------+
; Option            ; Setting             ;
+-------------------+---------------------+
; Start date & time ; 11/30/2020 17:34:26 ;
; Main task         ; Compilation         ;
; Revision Name     ; top_level           ;
+-------------------+---------------------+


+---------------------------------------------------------------------------------------------------------------------------------------------+
; Flow Non-Default Global Settings                                                                                                            ;
+-------------------------------------+------------------------------------------------------------+---------------+-------------+------------+
; Assignment Name                     ; Value                                                      ; Default Value ; Entity Name ; Section Id ;
+-------------------------------------+------------------------------------------------------------+---------------+-------------+------------+
; COMPILER_SIGNATURE_ID               ; 619751273534.160678286606519                               ; --            ; --          ; --         ;
; MAX_CORE_JUNCTION_TEMP              ; 85                                                         ; --            ; --          ; --         ;
; MIN_CORE_JUNCTION_TEMP              ; 0                                                          ; --            ; --          ; --         ;
; MISC_FILE                           ; adc_qsys/adc_qsys/synthesis/../adc_qsys.cmp                ; --            ; --          ; --         ;
; MISC_FILE                           ; adc_qsys/adc_qsys/synthesis/../../adc_qsys.qsys            ; --            ; --          ; --         ;
; PARTITION_COLOR                     ; -- (Not supported for targeted family)                     ; --            ; --          ; Top        ;
; PARTITION_FITTER_PRESERVATION_LEVEL ; -- (Not supported for targeted family)                     ; --            ; --          ; Top        ;
; PARTITION_NETLIST_TYPE              ; -- (Not supported for targeted family)                     ; --            ; --          ; Top        ;
; POWER_BOARD_THERMAL_MODEL           ; None (CONSERVATIVE)                                        ; --            ; --          ; --         ;
; POWER_PRESET_COOLING_SOLUTION       ; 23 MM HEAT SINK WITH 200 LFPM AIRFLOW                      ; --            ; --          ; --         ;
; PROJECT_OUTPUT_DIRECTORY            ; output_files                                               ; --            ; --          ; --         ;
; SLD_FILE                            ; adc_qsys/adc_qsys/synthesis/adc_qsys.debuginfo             ; --            ; --          ; --         ;
; SLD_INFO                            ; QSYS_NAME adc_qsys HAS_SOPCINFO 1 GENERATION_ID 1569444627 ; --            ; adc_qsys    ; --         ;
; SOPCINFO_FILE                       ; adc_qsys/adc_qsys/synthesis/../../adc_qsys.sopcinfo        ; --            ; --          ; --         ;
; SYNTHESIS_ONLY_QIP                  ; On                                                         ; --            ; --          ; --         ;
+-------------------------------------+------------------------------------------------------------+---------------+-------------+------------+


+--------------------------------------------------------------------------------------------------------------------------+
; Flow Elapsed Time                                                                                                        ;
+----------------------+--------------+-------------------------+---------------------+------------------------------------+
; Module Name          ; Elapsed Time ; Average Processors Used ; Peak Virtual Memory ; Total CPU Time (on all processors) ;
+----------------------+--------------+-------------------------+---------------------+------------------------------------+
; Analysis & Synthesis ; 00:00:32     ; 1.0                     ; 499 MB              ; 00:00:43                           ;
; Fitter               ; 00:00:33     ; 1.5                     ; 1213 MB             ; 00:00:56                           ;
; Assembler            ; 00:00:03     ; 1.0                     ; 389 MB              ; 00:00:03                           ;
; Timing Analyzer      ; 00:00:06     ; 2.1                     ; 596 MB              ; 00:00:12                           ;
; Total                ; 00:01:14     ; --                      ; --                  ; 00:01:54                           ;
+----------------------+--------------+-------------------------+---------------------+------------------------------------+


+--------------------------------------------------------------------------------------+
; Flow OS Summary                                                                      ;
+----------------------+------------------+--------------+------------+----------------+
; Module Name          ; Machine Hostname ; OS Name      ; OS Version ; Processor type ;
+----------------------+------------------+--------------+------------+----------------+
; Analysis & Synthesis ; yazan-MacBookPro ; Ubuntu 20.04 ; 20         ; x86_64         ;
; Fitter               ; yazan-MacBookPro ; Ubuntu 20.04 ; 20         ; x86_64         ;
; Assembler            ; yazan-MacBookPro ; Ubuntu 20.04 ; 20         ; x86_64         ;
; Timing Analyzer      ; yazan-MacBookPro ; Ubuntu 20.04 ; 20         ; x86_64         ;
+----------------------+------------------+--------------+------------+----------------+


------------
; Flow Log ;
------------
quartus_map --read_settings_files=on --write_settings_files=off Lab4 -c top_level
quartus_fit --read_settings_files=off --write_settings_files=off Lab4 -c top_level
quartus_asm --read_settings_files=off --write_settings_files=off Lab4 -c top_level
quartus_sta Lab4 -c top_level



